<?xml version="1.0" encoding="UTF-8"?>
<!-- Generated by org.testng.reporters.JUnitReportReporter -->
<testsuite hostname="Jimiait" failures="0" tests="1" name="Assignment3.ValueFromDropDown" time="3.924" errors="0" timestamp="2022-06-24T17:13:51 CDT" skipped="0">
  <testcase classname="Assignment3.ValueFromDropDown" name="dropDownFullList" time="3.924"/>
  <system-out/>
</testsuite> <!-- Assignment3.ValueFromDropDown -->
