<?xml version="1.0" encoding="UTF-8"?>
<!-- Generated by org.testng.reporters.JUnitReportReporter -->
<testsuite hostname="Jimiait" failures="0" tests="1" name="Assignment3.AddContactTest" time="12.177" errors="0" timestamp="2022-06-24T15:30:12 CDT" skipped="0">
  <testcase classname="Assignment3.AddContactTest" name="login" time="12.177"/>
  <system-out/>
</testsuite> <!-- Assignment3.AddContactTest -->
